Found latest entry: 2026-02-06. Creating entry for: 2026-02-07
Created journal entry: 2026/02/2026-02-07.md
Executing Git Operations...
Already up to date.
[main 390baba06] Add journal for 2026-02-07
 3 files changed, 17 insertions(+)
 create mode 100644 2026/02/2026-02-07.md
 create mode 100644 daily-journal.err
 create mode 100644 daily-journal.log
Found latest entry: 2026-02-06. Creating entry for: 2026-02-07
Created journal entry: 2026/02/2026-02-07.md
Executing Git Operations...
Already up to date.
[main 574b8184b] Add journal for 2026-02-07
 3 files changed, 17 insertions(+)
 create mode 100644 2026/02/2026-02-07.md
Found latest entry: 2026-02-07. Creating entry for: 2026-02-08
Created journal entry: 2026/02/2026-02-08.md
Executing Git Operations...
Already up to date.
[main be728dad8] Add journal for 2026-02-08
 3 files changed, 22 insertions(+)
 create mode 100644 2026/02/2026-02-08.md
Found latest entry: 2026-02-08. Creating entry for: 2026-02-09
Created journal entry: 2026/02/2026-02-09.md
Executing Git Operations...
Already up to date.
[main 4a9f83369] Add journal for 2026-02-09
 3 files changed, 22 insertions(+)
 create mode 100644 2026/02/2026-02-09.md
Found latest entry: 2026-02-09. Creating entry for: 2026-02-10
Created journal entry: 2026/02/2026-02-10.md
Executing Git Operations...
Already up to date.
[main 092a37aab] Add journal for 2026-02-10
 3 files changed, 22 insertions(+)
 create mode 100644 2026/02/2026-02-10.md
Found latest entry: 2026-02-10. Creating entry for: 2026-02-11
Created journal entry: 2026/02/2026-02-11.md
Executing Git Operations...
Already up to date.
[main 7d6e681ff] Add journal for 2026-02-11
 3 files changed, 22 insertions(+)
 create mode 100644 2026/02/2026-02-11.md
Found latest entry: 2026-02-11. Creating entry for: 2026-02-12
Created journal entry: 2026/02/2026-02-12.md
Executing Git Operations...
Already up to date.
[main a8a61a624] Add journal for 2026-02-12
 3 files changed, 22 insertions(+)
 create mode 100644 2026/02/2026-02-12.md
Found latest entry: 2026-02-12. Creating entry for: 2026-02-13
Created journal entry: 2026/02/2026-02-13.md
Executing Git Operations...
Already up to date.
[main 658b82ea6] Add journal for 2026-02-13
 3 files changed, 22 insertions(+)
 create mode 100644 2026/02/2026-02-13.md
Found latest entry: 2026-02-13. Creating entry for: 2026-02-14
Created journal entry: 2026/02/2026-02-14.md
Executing Git Operations...
Already up to date.
[main 88c1da02e] Add journal for 2026-02-14
 3 files changed, 22 insertions(+)
 create mode 100644 2026/02/2026-02-14.md
Found latest entry: 2026-02-14. Creating entry for: 2026-02-15
Created journal entry: 2026/02/2026-02-15.md
Executing Git Operations...
Already up to date.
[main 5bd39b129] Add journal for 2026-02-15
 3 files changed, 22 insertions(+)
 create mode 100644 2026/02/2026-02-15.md
Found latest entry: 2026-02-15. Creating entry for: 2026-02-16
Created journal entry: 2026/02/2026-02-16.md
Executing Git Operations...
Updating 5bd39b129..415ce347b
Fast-forward
 2026/01/2026-01-18.md | 3 ++-
 1 file changed, 2 insertions(+), 1 deletion(-)
[main 38a2618dc] Add journal for 2026-02-16
 3 files changed, 26 insertions(+)
 create mode 100644 2026/02/2026-02-16.md
Found latest entry: 2026-02-16. Creating entry for: 2026-02-17
Created journal entry: 2026/02/2026-02-17.md
Executing Git Operations...
Already up to date.
[main a91b4e5e2] Add journal for 2026-02-17
 3 files changed, 17 insertions(+)
 create mode 100644 2026/02/2026-02-17.md
Found latest entry: 2026-02-17. Creating entry for: 2026-02-18
Created journal entry: 2026/02/2026-02-18.md
Executing Git Operations...
Already up to date.
[main 770fcb489] Add journal for 2026-02-18
 3 files changed, 22 insertions(+)
 create mode 100644 2026/02/2026-02-18.md
Found latest entry: 2026-02-18. Creating entry for: 2026-02-19
Created journal entry: 2026/02/2026-02-19.md
Executing Git Operations...
Already up to date.
[main 410fba17a] Add journal for 2026-02-19
 3 files changed, 17 insertions(+)
 create mode 100644 2026/02/2026-02-19.md
Found latest entry: 2026-02-19. Creating entry for: 2026-02-20
Created journal entry: 2026/02/2026-02-20.md
Executing Git Operations...
Already up to date.
[main d7769dd10] Add journal for 2026-02-20
 3 files changed, 22 insertions(+)
 create mode 100644 2026/02/2026-02-20.md
Found latest entry: 2026-02-20. Creating entry for: 2026-02-21
Created journal entry: 2026/02/2026-02-21.md
Executing Git Operations...
Already up to date.
[main c5db65e13] Add journal for 2026-02-21
 3 files changed, 22 insertions(+)
 create mode 100644 2026/02/2026-02-21.md
Found latest entry: 2026-02-21. Creating entry for: 2026-02-22
Created journal entry: 2026/02/2026-02-22.md
Executing Git Operations...
Already up to date.
[main 57463caea] Add journal for 2026-02-22
 3 files changed, 22 insertions(+)
 create mode 100644 2026/02/2026-02-22.md
Found latest entry: 2026-02-22. Creating entry for: 2026-02-23
Created journal entry: 2026/02/2026-02-23.md
Executing Git Operations...
Already up to date.
[main 9f0e12cfb] Add journal for 2026-02-23
 3 files changed, 22 insertions(+)
 create mode 100644 2026/02/2026-02-23.md
Found latest entry: 2026-02-23. Creating entry for: 2026-02-24
Created journal entry: 2026/02/2026-02-24.md
Executing Git Operations...
Already up to date.
[main 3927004a5] Add journal for 2026-02-24
 3 files changed, 17 insertions(+)
 create mode 100644 2026/02/2026-02-24.md
Found latest entry: 2026-02-24. Creating entry for: 2026-02-25
Created journal entry: 2026/02/2026-02-25.md
Executing Git Operations...
Already up to date.
[main e5f382d45] Add journal for 2026-02-25
 3 files changed, 22 insertions(+)
 create mode 100644 2026/02/2026-02-25.md
Found latest entry: 2026-02-25. Creating entry for: 2026-02-26
Created journal entry: 2026/02/2026-02-26.md
Executing Git Operations...
Already up to date.
[main c96a9e7cc] Add journal for 2026-02-26
 3 files changed, 22 insertions(+)
 create mode 100644 2026/02/2026-02-26.md
Found latest entry: 2026-02-26. Creating entry for: 2026-02-27
Created journal entry: 2026/02/2026-02-27.md
Executing Git Operations...
Already up to date.
[main 99529c10a] Add journal for 2026-02-27
 3 files changed, 22 insertions(+)
 create mode 100644 2026/02/2026-02-27.md
Found latest entry: 2026-02-27. Creating entry for: 2026-02-28
Created journal entry: 2026/02/2026-02-28.md
Executing Git Operations...
Already up to date.
[main b2f989a6c] Add journal for 2026-02-28
 3 files changed, 22 insertions(+)
 create mode 100644 2026/02/2026-02-28.md
Found latest entry: 2026-02-28. Creating entry for: 2026-03-01
Created journal entry: 2026/03/2026-03-01.md
Executing Git Operations...
Already up to date.
[main 150cb6e2e] Add journal for 2026-03-01
 3 files changed, 22 insertions(+)
 create mode 100644 2026/03/2026-03-01.md
Found latest entry: 2026-03-01. Creating entry for: 2026-03-02
Created journal entry: 2026/03/2026-03-02.md
Executing Git Operations...
Already up to date.
[main 0c01a94af] Add journal for 2026-03-02
 3 files changed, 22 insertions(+)
 create mode 100644 2026/03/2026-03-02.md
Found latest entry: 2026-03-02. Creating entry for: 2026-03-03
Created journal entry: 2026/03/2026-03-03.md
Executing Git Operations...
Already up to date.
[main b305c46fc] Add journal for 2026-03-03
 3 files changed, 22 insertions(+)
 create mode 100644 2026/03/2026-03-03.md
Found latest entry: 2026-03-03. Creating entry for: 2026-03-04
Created journal entry: 2026/03/2026-03-04.md
Executing Git Operations...
Already up to date.
[main dd5cc0733] Add journal for 2026-03-04
 3 files changed, 22 insertions(+)
 create mode 100644 2026/03/2026-03-04.md
Found latest entry: 2026-03-04. Creating entry for: 2026-03-05
Created journal entry: 2026/03/2026-03-05.md
Executing Git Operations...
Already up to date.
[main 5c1c1bd24] Add journal for 2026-03-05
 3 files changed, 22 insertions(+)
 create mode 100644 2026/03/2026-03-05.md
Found latest entry: 2026-03-05. Creating entry for: 2026-03-06
Created journal entry: 2026/03/2026-03-06.md
Executing Git Operations...
Already up to date.
[main 8da2324a3] Add journal for 2026-03-06
 3 files changed, 22 insertions(+)
 create mode 100644 2026/03/2026-03-06.md
Found latest entry: 2026-03-06. Creating entry for: 2026-03-07
Created journal entry: 2026/03/2026-03-07.md
Executing Git Operations...
Already up to date.
[main 5b53d4c71] Add journal for 2026-03-07
 3 files changed, 22 insertions(+)
 create mode 100644 2026/03/2026-03-07.md
Found latest entry: 2026-03-07. Creating entry for: 2026-03-08
Created journal entry: 2026/03/2026-03-08.md
Executing Git Operations...
Already up to date.
[main 2bd31ca96] Add journal for 2026-03-08
 3 files changed, 22 insertions(+)
 create mode 100644 2026/03/2026-03-08.md
Found latest entry: 2026-03-08. Creating entry for: 2026-03-09
Created journal entry: 2026/03/2026-03-09.md
Executing Git Operations...
Already up to date.
[main a4d0673d2] Add journal for 2026-03-09
 3 files changed, 22 insertions(+)
 create mode 100644 2026/03/2026-03-09.md
Found latest entry: 2026-03-09. Creating entry for: 2026-03-10
Created journal entry: 2026/03/2026-03-10.md
Executing Git Operations...
Already up to date.
[main 2ea3af1e4] Add journal for 2026-03-10
 3 files changed, 22 insertions(+)
 create mode 100644 2026/03/2026-03-10.md
Found latest entry: 2026-03-10. Creating entry for: 2026-03-11
Created journal entry: 2026/03/2026-03-11.md
Executing Git Operations...
Already up to date.
[main bb58a1ea4] Add journal for 2026-03-11
 3 files changed, 22 insertions(+)
 create mode 100644 2026/03/2026-03-11.md
Found latest entry: 2026-03-11. Creating entry for: 2026-03-12
Created journal entry: 2026/03/2026-03-12.md
Executing Git Operations...
Already up to date.
[main d69b174f6] Add journal for 2026-03-12
 3 files changed, 22 insertions(+)
 create mode 100644 2026/03/2026-03-12.md
Found latest entry: 2026-03-12. Creating entry for: 2026-03-13
Created journal entry: 2026/03/2026-03-13.md
Executing Git Operations...
Already up to date.
[main 3ee43bbb1] Add journal for 2026-03-13
 3 files changed, 22 insertions(+)
 create mode 100644 2026/03/2026-03-13.md
Found latest entry: 2026-03-13. Creating entry for: 2026-03-14
Created journal entry: 2026/03/2026-03-14.md
Executing Git Operations...
Already up to date.
[main e9b626b5a] Add journal for 2026-03-14
 3 files changed, 22 insertions(+)
 create mode 100644 2026/03/2026-03-14.md
Found latest entry: 2026-03-14. Creating entry for: 2026-03-15
Created journal entry: 2026/03/2026-03-15.md
Executing Git Operations...
Already up to date.
[main 3a4cbedbc] Add journal for 2026-03-15
 4 files changed, 47 insertions(+)
 create mode 100644 2026/03/2026-03-15.md
Found latest entry: 2026-03-15. Creating entry for: 2026-03-16
Created journal entry: 2026/03/2026-03-16.md
Executing Git Operations...
Already up to date.
[main 8a1d525cc] Add journal for 2026-03-16
 3 files changed, 17 insertions(+)
 create mode 100644 2026/03/2026-03-16.md
Found latest entry: 2026-03-16. Creating entry for: 2026-03-17
Created journal entry: 2026/03/2026-03-17.md
Executing Git Operations...
Already up to date.
[main 31aa3abd0] Add journal for 2026-03-17
 3 files changed, 22 insertions(+)
 create mode 100644 2026/03/2026-03-17.md
Found latest entry: 2026-03-17. Creating entry for: 2026-03-18
Created journal entry: 2026/03/2026-03-18.md
Executing Git Operations...
Already up to date.
[main faf17f9a3] Add journal for 2026-03-18
 3 files changed, 22 insertions(+)
 create mode 100644 2026/03/2026-03-18.md
Found latest entry: 2026-03-18. Creating entry for: 2026-03-19
Created journal entry: 2026/03/2026-03-19.md
Executing Git Operations...
Already up to date.
[main 881046493] Add journal for 2026-03-19
 3 files changed, 22 insertions(+)
 create mode 100644 2026/03/2026-03-19.md
Found latest entry: 2026-03-19. Creating entry for: 2026-03-20
Created journal entry: 2026/03/2026-03-20.md
Executing Git Operations...
Already up to date.
[main 6933d65fb] Add journal for 2026-03-20
 3 files changed, 22 insertions(+)
 create mode 100644 2026/03/2026-03-20.md
Found latest entry: 2026-03-21. Creating entry for: 2026-03-22
Created journal entry: 2026/03/2026-03-22.md
Executing Git Operations...
Already up to date.
[main b7bf2d930] Add journal for 2026-03-22
 3 files changed, 17 insertions(+)
 create mode 100644 2026/03/2026-03-22.md
Found latest entry: 2026-03-22. Creating entry for: 2026-03-23
Created journal entry: 2026/03/2026-03-23.md
Executing Git Operations...
Already up to date.
[main 9e2460363] Add journal for 2026-03-23
 3 files changed, 22 insertions(+)
 create mode 100644 2026/03/2026-03-23.md
Found latest entry: 2026-03-23. Creating entry for: 2026-03-24
Created journal entry: 2026/03/2026-03-24.md
Executing Git Operations...
Already up to date.
[main 6abb7e16f] Add journal for 2026-03-24
 3 files changed, 22 insertions(+)
 create mode 100644 2026/03/2026-03-24.md
Found latest entry: 2026-03-24. Creating entry for: 2026-03-25
Created journal entry: 2026/03/2026-03-25.md
Executing Git Operations...
Already up to date.
[main 06b43af9a] Add journal for 2026-03-25
 3 files changed, 22 insertions(+)
 create mode 100644 2026/03/2026-03-25.md
Found latest entry: 2026-03-25. Creating entry for: 2026-03-26
Created journal entry: 2026/03/2026-03-26.md
Executing Git Operations...
Already up to date.
[main fff5bfa93] Add journal for 2026-03-26
 3 files changed, 22 insertions(+)
 create mode 100644 2026/03/2026-03-26.md
Found latest entry: 2026-03-26. Creating entry for: 2026-03-27
Created journal entry: 2026/03/2026-03-27.md
Executing Git Operations...
Already up to date.
[main 231848353] Add journal for 2026-03-27
 3 files changed, 22 insertions(+)
 create mode 100644 2026/03/2026-03-27.md
Found latest entry: 2026-03-27. Creating entry for: 2026-03-28
Created journal entry: 2026/03/2026-03-28.md
Executing Git Operations...
Already up to date.
[main 4616dc3e5] Add journal for 2026-03-28
 3 files changed, 22 insertions(+)
 create mode 100644 2026/03/2026-03-28.md
Found latest entry: 2026-03-28. Creating entry for: 2026-03-29
Created journal entry: 2026/03/2026-03-29.md
Executing Git Operations...
Already up to date.
[main c1141231b] Add journal for 2026-03-29
 3 files changed, 22 insertions(+)
 create mode 100644 2026/03/2026-03-29.md
Found latest entry: 2026-03-29. Creating entry for: 2026-03-30
Created journal entry: 2026/03/2026-03-30.md
Executing Git Operations...
Already up to date.
[main 2748f7bd6] Add journal for 2026-03-30
 3 files changed, 22 insertions(+)
 create mode 100644 2026/03/2026-03-30.md
Found latest entry: 2026-03-30. Creating entry for: 2026-03-31
Created journal entry: 2026/03/2026-03-31.md
Executing Git Operations...
Already up to date.
[main a6d4aac41] Add journal for 2026-03-31
 3 files changed, 22 insertions(+)
 create mode 100644 2026/03/2026-03-31.md
Found latest entry: 2026-03-31. Creating entry for: 2026-04-01
Created journal entry: 2026/04/2026-04-01.md
Executing Git Operations...
Already up to date.
[main a016c59e3] Add journal for 2026-04-01
 3 files changed, 22 insertions(+)
 create mode 100644 2026/04/2026-04-01.md
Found latest entry: 2026-04-01. Creating entry for: 2026-04-02
Created journal entry: 2026/04/2026-04-02.md
Executing Git Operations...
Already up to date.
[main 07a336916] Add journal for 2026-04-02
 3 files changed, 22 insertions(+)
 create mode 100644 2026/04/2026-04-02.md
Found latest entry: 2026-04-02. Creating entry for: 2026-04-03
Created journal entry: 2026/04/2026-04-03.md
Executing Git Operations...
Already up to date.
[main 73eea7c85] Add journal for 2026-04-03
 3 files changed, 22 insertions(+)
 create mode 100644 2026/04/2026-04-03.md
Found latest entry: 2026-04-03. Creating entry for: 2026-04-04
Created journal entry: 2026/04/2026-04-04.md
Executing Git Operations...
Already up to date.
[main 877870a0f] Add journal for 2026-04-04
 3 files changed, 22 insertions(+)
 create mode 100644 2026/04/2026-04-04.md
Found latest entry: 2026-04-04. Creating entry for: 2026-04-05
Created journal entry: 2026/04/2026-04-05.md
Executing Git Operations...
Already up to date.
[main 882c74bc8] Add journal for 2026-04-05
 3 files changed, 22 insertions(+)
 create mode 100644 2026/04/2026-04-05.md
Found latest entry: 2026-04-05. Creating entry for: 2026-04-06
Created journal entry: 2026/04/2026-04-06.md
Executing Git Operations...
Already up to date.
[main d661b1dd2] Add journal for 2026-04-06
 3 files changed, 22 insertions(+)
 create mode 100644 2026/04/2026-04-06.md
Found latest entry: 2026-04-06. Creating entry for: 2026-04-07
Created journal entry: 2026/04/2026-04-07.md
Executing Git Operations...
Already up to date.
[main b35573621] Add journal for 2026-04-07
 3 files changed, 22 insertions(+)
 create mode 100644 2026/04/2026-04-07.md
Found latest entry: 2026-04-07. Creating entry for: 2026-04-08
Created journal entry: 2026/04/2026-04-08.md
Executing Git Operations...
Already up to date.
[main 275c900cb] Add journal for 2026-04-08
 3 files changed, 22 insertions(+)
 create mode 100644 2026/04/2026-04-08.md
Found latest entry: 2026-04-08. Creating entry for: 2026-04-09
Created journal entry: 2026/04/2026-04-09.md
Executing Git Operations...
Already up to date.
[main 5828c8609] Add journal for 2026-04-09
 3 files changed, 22 insertions(+)
 create mode 100644 2026/04/2026-04-09.md
Found latest entry: 2026-04-09. Creating entry for: 2026-04-10
Created journal entry: 2026/04/2026-04-10.md
Executing Git Operations...
Already up to date.
[main 6b90d3119] Add journal for 2026-04-10
 3 files changed, 22 insertions(+)
 create mode 100644 2026/04/2026-04-10.md
Found latest entry: 2026-04-10. Creating entry for: 2026-04-11
Created journal entry: 2026/04/2026-04-11.md
Executing Git Operations...
Already up to date.
[main cec2700fc] Add journal for 2026-04-11
 3 files changed, 22 insertions(+)
 create mode 100644 2026/04/2026-04-11.md
Found latest entry: 2026-04-11. Creating entry for: 2026-04-12
Created journal entry: 2026/04/2026-04-12.md
Executing Git Operations...
Already up to date.
[main 240ca2da0] Add journal for 2026-04-12
 3 files changed, 22 insertions(+)
 create mode 100644 2026/04/2026-04-12.md
Found latest entry: 2026-04-12. Creating entry for: 2026-04-13
Created journal entry: 2026/04/2026-04-13.md
Executing Git Operations...
Already up to date.
[main 67a433e7f] Add journal for 2026-04-13
 3 files changed, 22 insertions(+)
 create mode 100644 2026/04/2026-04-13.md
Found latest entry: 2026-04-13. Creating entry for: 2026-04-14
Created journal entry: 2026/04/2026-04-14.md
Executing Git Operations...
Already up to date.
[main 470e78cd9] Add journal for 2026-04-14
 3 files changed, 22 insertions(+)
 create mode 100644 2026/04/2026-04-14.md
Found latest entry: 2026-04-14. Creating entry for: 2026-04-15
Created journal entry: 2026/04/2026-04-15.md
Executing Git Operations...
Already up to date.
[main 0a48a1907] Add journal for 2026-04-15
 3 files changed, 22 insertions(+)
 create mode 100644 2026/04/2026-04-15.md
Found latest entry: 2026-04-15. Creating entry for: 2026-04-16
Created journal entry: 2026/04/2026-04-16.md
Executing Git Operations...
Already up to date.
[main 43c62e470] Add journal for 2026-04-16
 3 files changed, 22 insertions(+)
 create mode 100644 2026/04/2026-04-16.md
Found latest entry: 2026-04-16. Creating entry for: 2026-04-17
Created journal entry: 2026/04/2026-04-17.md
Executing Git Operations...
Already up to date.
[main 702b8c8a7] Add journal for 2026-04-17
 3 files changed, 22 insertions(+)
 create mode 100644 2026/04/2026-04-17.md
Found latest entry: 2026-04-17. Creating entry for: 2026-04-18
Created journal entry: 2026/04/2026-04-18.md
Executing Git Operations...
Already up to date.
