From https://github.com/yuasys/chatty-journal
 * branch                main       -> FETCH_HEAD
To https://github.com/yuasys/chatty-journal.git
   bd0630d1d..390baba06  main -> main
From https://github.com/yuasys/chatty-journal
 * branch                main       -> FETCH_HEAD
To https://github.com/yuasys/chatty-journal.git
   5835a82a2..574b8184b  main -> main
From https://github.com/yuasys/chatty-journal
 * branch                main       -> FETCH_HEAD
To https://github.com/yuasys/chatty-journal.git
   574b8184b..be728dad8  main -> main
From https://github.com/yuasys/chatty-journal
 * branch                main       -> FETCH_HEAD
To https://github.com/yuasys/chatty-journal.git
   be728dad8..4a9f83369  main -> main
From https://github.com/yuasys/chatty-journal
 * branch                main       -> FETCH_HEAD
To https://github.com/yuasys/chatty-journal.git
   4a9f83369..092a37aab  main -> main
From https://github.com/yuasys/chatty-journal
 * branch                main       -> FETCH_HEAD
To https://github.com/yuasys/chatty-journal.git
   092a37aab..7d6e681ff  main -> main
From https://github.com/yuasys/chatty-journal
 * branch                main       -> FETCH_HEAD
To https://github.com/yuasys/chatty-journal.git
   7d6e681ff..a8a61a624  main -> main
From https://github.com/yuasys/chatty-journal
 * branch                main       -> FETCH_HEAD
To https://github.com/yuasys/chatty-journal.git
   a8a61a624..658b82ea6  main -> main
From https://github.com/yuasys/chatty-journal
 * branch                main       -> FETCH_HEAD
To https://github.com/yuasys/chatty-journal.git
   658b82ea6..88c1da02e  main -> main
From https://github.com/yuasys/chatty-journal
 * branch                main       -> FETCH_HEAD
To https://github.com/yuasys/chatty-journal.git
   88c1da02e..5bd39b129  main -> main
From https://github.com/yuasys/chatty-journal
 * branch                main       -> FETCH_HEAD
   5bd39b129..415ce347b  main       -> origin/main
To https://github.com/yuasys/chatty-journal.git
   415ce347b..38a2618dc  main -> main
From https://github.com/yuasys/chatty-journal
 * branch                main       -> FETCH_HEAD
To https://github.com/yuasys/chatty-journal.git
   7060a8e84..a91b4e5e2  main -> main
From https://github.com/yuasys/chatty-journal
 * branch                main       -> FETCH_HEAD
To https://github.com/yuasys/chatty-journal.git
   a91b4e5e2..770fcb489  main -> main
From https://github.com/yuasys/chatty-journal
 * branch                main       -> FETCH_HEAD
To https://github.com/yuasys/chatty-journal.git
   7798f392d..410fba17a  main -> main
From https://github.com/yuasys/chatty-journal
 * branch                main       -> FETCH_HEAD
To https://github.com/yuasys/chatty-journal.git
   410fba17a..d7769dd10  main -> main
From https://github.com/yuasys/chatty-journal
 * branch                main       -> FETCH_HEAD
To https://github.com/yuasys/chatty-journal.git
   d7769dd10..c5db65e13  main -> main
From https://github.com/yuasys/chatty-journal
 * branch                main       -> FETCH_HEAD
To https://github.com/yuasys/chatty-journal.git
   c5db65e13..57463caea  main -> main
From https://github.com/yuasys/chatty-journal
 * branch                main       -> FETCH_HEAD
To https://github.com/yuasys/chatty-journal.git
   57463caea..9f0e12cfb  main -> main
From https://github.com/yuasys/chatty-journal
 * branch                main       -> FETCH_HEAD
To https://github.com/yuasys/chatty-journal.git
   150f75148..3927004a5  main -> main
From https://github.com/yuasys/chatty-journal
 * branch                main       -> FETCH_HEAD
To https://github.com/yuasys/chatty-journal.git
   3927004a5..e5f382d45  main -> main
From https://github.com/yuasys/chatty-journal
 * branch                main       -> FETCH_HEAD
To https://github.com/yuasys/chatty-journal.git
   e5f382d45..c96a9e7cc  main -> main
From https://github.com/yuasys/chatty-journal
 * branch                main       -> FETCH_HEAD
To https://github.com/yuasys/chatty-journal.git
   c96a9e7cc..99529c10a  main -> main
From https://github.com/yuasys/chatty-journal
 * branch                main       -> FETCH_HEAD
To https://github.com/yuasys/chatty-journal.git
   99529c10a..b2f989a6c  main -> main
From https://github.com/yuasys/chatty-journal
 * branch                main       -> FETCH_HEAD
To https://github.com/yuasys/chatty-journal.git
   b2f989a6c..150cb6e2e  main -> main
From https://github.com/yuasys/chatty-journal
 * branch                main       -> FETCH_HEAD
To https://github.com/yuasys/chatty-journal.git
   150cb6e2e..0c01a94af  main -> main
From https://github.com/yuasys/chatty-journal
 * branch                main       -> FETCH_HEAD
To https://github.com/yuasys/chatty-journal.git
   0c01a94af..b305c46fc  main -> main
From https://github.com/yuasys/chatty-journal
 * branch                main       -> FETCH_HEAD
To https://github.com/yuasys/chatty-journal.git
   b305c46fc..dd5cc0733  main -> main
From https://github.com/yuasys/chatty-journal
 * branch                main       -> FETCH_HEAD
To https://github.com/yuasys/chatty-journal.git
   dd5cc0733..5c1c1bd24  main -> main
From https://github.com/yuasys/chatty-journal
 * branch                main       -> FETCH_HEAD
To https://github.com/yuasys/chatty-journal.git
   5c1c1bd24..8da2324a3  main -> main
From https://github.com/yuasys/chatty-journal
 * branch                main       -> FETCH_HEAD
To https://github.com/yuasys/chatty-journal.git
   8da2324a3..5b53d4c71  main -> main
From https://github.com/yuasys/chatty-journal
 * branch                main       -> FETCH_HEAD
To https://github.com/yuasys/chatty-journal.git
   5b53d4c71..2bd31ca96  main -> main
From https://github.com/yuasys/chatty-journal
 * branch                main       -> FETCH_HEAD
To https://github.com/yuasys/chatty-journal.git
   2bd31ca96..a4d0673d2  main -> main
From https://github.com/yuasys/chatty-journal
 * branch                main       -> FETCH_HEAD
To https://github.com/yuasys/chatty-journal.git
   a4d0673d2..2ea3af1e4  main -> main
From https://github.com/yuasys/chatty-journal
 * branch                main       -> FETCH_HEAD
To https://github.com/yuasys/chatty-journal.git
   2ea3af1e4..bb58a1ea4  main -> main
From https://github.com/yuasys/chatty-journal
 * branch                main       -> FETCH_HEAD
To https://github.com/yuasys/chatty-journal.git
   bb58a1ea4..d69b174f6  main -> main
From https://github.com/yuasys/chatty-journal
 * branch                main       -> FETCH_HEAD
To https://github.com/yuasys/chatty-journal.git
   d69b174f6..3ee43bbb1  main -> main
From https://github.com/yuasys/chatty-journal
 * branch                main       -> FETCH_HEAD
To https://github.com/yuasys/chatty-journal.git
   3ee43bbb1..e9b626b5a  main -> main
From https://github.com/yuasys/chatty-journal
 * branch                main       -> FETCH_HEAD
To https://github.com/yuasys/chatty-journal.git
   7038e5548..3a4cbedbc  main -> main
From https://github.com/yuasys/chatty-journal
 * branch                main       -> FETCH_HEAD
To https://github.com/yuasys/chatty-journal.git
   6e0e4852b..8a1d525cc  main -> main
From https://github.com/yuasys/chatty-journal
 * branch                main       -> FETCH_HEAD
To https://github.com/yuasys/chatty-journal.git
   8a1d525cc..31aa3abd0  main -> main
From https://github.com/yuasys/chatty-journal
 * branch                main       -> FETCH_HEAD
To https://github.com/yuasys/chatty-journal.git
   31aa3abd0..faf17f9a3  main -> main
From https://github.com/yuasys/chatty-journal
 * branch                main       -> FETCH_HEAD
To https://github.com/yuasys/chatty-journal.git
   faf17f9a3..881046493  main -> main
From https://github.com/yuasys/chatty-journal
 * branch                main       -> FETCH_HEAD
To https://github.com/yuasys/chatty-journal.git
   881046493..6933d65fb  main -> main
From https://github.com/yuasys/chatty-journal
 * branch                main       -> FETCH_HEAD
To https://github.com/yuasys/chatty-journal.git
   74ad54b39..b7bf2d930  main -> main
From https://github.com/yuasys/chatty-journal
 * branch                main       -> FETCH_HEAD
To https://github.com/yuasys/chatty-journal.git
   b7bf2d930..9e2460363  main -> main
From https://github.com/yuasys/chatty-journal
 * branch                main       -> FETCH_HEAD
To https://github.com/yuasys/chatty-journal.git
   9e2460363..6abb7e16f  main -> main
From https://github.com/yuasys/chatty-journal
 * branch                main       -> FETCH_HEAD
To https://github.com/yuasys/chatty-journal.git
   6abb7e16f..06b43af9a  main -> main
From https://github.com/yuasys/chatty-journal
 * branch                main       -> FETCH_HEAD
To https://github.com/yuasys/chatty-journal.git
   06b43af9a..fff5bfa93  main -> main
From https://github.com/yuasys/chatty-journal
 * branch                main       -> FETCH_HEAD
To https://github.com/yuasys/chatty-journal.git
   fff5bfa93..231848353  main -> main
From https://github.com/yuasys/chatty-journal
 * branch                main       -> FETCH_HEAD
To https://github.com/yuasys/chatty-journal.git
   231848353..4616dc3e5  main -> main
From https://github.com/yuasys/chatty-journal
 * branch                main       -> FETCH_HEAD
To https://github.com/yuasys/chatty-journal.git
   4616dc3e5..c1141231b  main -> main
From https://github.com/yuasys/chatty-journal
 * branch                main       -> FETCH_HEAD
To https://github.com/yuasys/chatty-journal.git
   c1141231b..2748f7bd6  main -> main
From https://github.com/yuasys/chatty-journal
 * branch                main       -> FETCH_HEAD
To https://github.com/yuasys/chatty-journal.git
   2748f7bd6..a6d4aac41  main -> main
From https://github.com/yuasys/chatty-journal
 * branch                main       -> FETCH_HEAD
To https://github.com/yuasys/chatty-journal.git
   a6d4aac41..a016c59e3  main -> main
From https://github.com/yuasys/chatty-journal
 * branch                main       -> FETCH_HEAD
